<?xml version="1.0" encoding="UTF-8"?>
<testsuite name=": place order laptop" tests="1" skipped="0" failures="0" errors="0" timestamp="2021-05-24T03:01:16" hostname="LAPTOP-91R72451" time="57.486">
  <properties/>
  <testcase name=": buy laptop" classname=": place order laptop" time="57.486"/>
  <system-out><![CDATA[Step argument class io.cucumber.core.gherkin.vintage.GherkinVintageDataTableArgument
Step argument class io.cucumber.core.gherkin.vintage.GherkinVintageDataTableArgument
Step argument class io.cucumber.core.gherkin.vintage.GherkinVintageDataTableArgument
]]></system-out>
  <system-err><![CDATA[Starting ChromeDriver 90.0.4430.24 (4c6d850f087da467d926e8eddb76550aed655991-refs/branch-heads/4430@{#429}) on port 48765
Only local connections are allowed.
Please see https://chromedriver.chromium.org/security-considerations for suggestions on keeping ChromeDriver safe.
ChromeDriver was started successfully.
may 23, 2021 10:01:24 PM org.openqa.selenium.remote.ProtocolHandshake createSession
INFORMACIÓN: Detected dialect: W3C
]]></system-err>
</testsuite>
